This is pdfTeX, Version 3.141592653-2.6-1.40.22 (TeX Live 2021) (preloaded format=pdflatex 2021.5.12)  22 DEC 2021 14:52
entering extended mode
 restricted \write18 enabled.
 %&-line parsing enabled.
**main.tex
(./main.tex
LaTeX2e <2020-10-01> patch level 4
L3 programming layer <2021-02-18>
(/usr/local/texlive/2021/texmf-dist/tex/latex/base/article.cls
Document Class: article 2020/04/10 v1.4m Standard LaTeX document class
(/usr/local/texlive/2021/texmf-dist/tex/latex/base/size10.clo
File: size10.clo 2020/04/10 v1.4m Standard LaTeX file (size option)
)
\c@part=\count179
\c@section=\count180
\c@subsection=\count181
\c@subsubsection=\count182
\c@paragraph=\count183
\c@subparagraph=\count184
\c@figure=\count185
\c@table=\count186
\abovecaptionskip=\skip47
\belowcaptionskip=\skip48
\bibindent=\dimen138
)
(/usr/local/texlive/2021/texmf-dist/tex/generic/babel/babel.sty
Package: babel 2021/03/24 3.56 The Babel package

(/usr/local/texlive/2021/texmf-dist/tex/generic/babel/babel.def
File: babel.def 2021/03/24 3.56 Babel common definitions
\babel@savecnt=\count187
\U@D=\dimen139
\l@babelnohyphens=\language87

(/usr/local/texlive/2021/texmf-dist/tex/generic/babel/txtbabel.def)
\bbl@readstream=\read2
)
\bbl@dirlevel=\count188

(/usr/local/texlive/2021/texmf-dist/tex/generic/babel-english/english.ldf
Language: english 2017/06/06 v3.3r English support from the babel system
Package babel Info: \l@canadian = using hyphenrules for english
(babel)             (\language0) on input line 102.
Package babel Info: \l@australian = using hyphenrules for ukenglish
(babel)             (\language21) on input line 105.
Package babel Info: \l@newzealand = using hyphenrules for ukenglish
(babel)             (\language21) on input line 108.
))
(/usr/local/texlive/2021/texmf-dist/tex/latex/fourier/fourier.sty
Package: fourier 2020/03/03 2.2 fourier-GUTenberg package

(/usr/local/texlive/2021/texmf-dist/tex/generic/iftex/iftex.sty
Package: iftex 2020/03/06 v1.0d TeX engine tests
)
Now handling font encoding FML ...
... no UTF-8 mapping file for font encoding FML
Now handling font encoding FMS ...
... no UTF-8 mapping file for font encoding FMS
Now handling font encoding FMX ...
... no UTF-8 mapping file for font encoding FMX

(/usr/local/texlive/2021/texmf-dist/tex/latex/base/fontenc.sty
Package: fontenc 2020/08/10 v2.0s Standard LaTeX package
LaTeX Font Info:    Trying to load font information for T1+futs on input line 1
12.

(/usr/local/texlive/2021/texmf-dist/tex/latex/fourier/t1futs.fd
File: t1futs.fd 2004/03/02 Fontinst v1.926 font definitions for T1/futs.
))
(/usr/local/texlive/2021/texmf-dist/tex/latex/base/textcomp.sty
Package: textcomp 2020/02/02 v2.0n Standard LaTeX package
)
(/usr/local/texlive/2021/texmf-dist/tex/latex/fourier/fourier-orns.sty
Package: fourier-orns 2020/03/03 2.2 fourier-ornaments package
)
LaTeX Font Info:    Redeclaring symbol font `operators' on input line 63.
LaTeX Font Info:    Encoding `OT1' has changed to `T1' for symbol font
(Font)              `operators' in the math version `normal' on input line 63.
LaTeX Font Info:    Overwriting symbol font `operators' in version `normal'
(Font)                  OT1/cmr/m/n --> T1/futs/m/n on input line 63.
LaTeX Font Info:    Encoding `OT1' has changed to `T1' for symbol font
(Font)              `operators' in the math version `bold' on input line 63.
LaTeX Font Info:    Overwriting symbol font `operators' in version `bold'
(Font)                  OT1/cmr/bx/n --> T1/futs/m/n on input line 63.
LaTeX Font Info:    Overwriting symbol font `operators' in version `bold'
(Font)                  T1/futs/m/n --> T1/futs/b/n on input line 64.
LaTeX Font Info:    Redeclaring symbol font `letters' on input line 72.
LaTeX Font Info:    Encoding `OML' has changed to `FML' for symbol font
(Font)              `letters' in the math version `normal' on input line 72.
LaTeX Font Info:    Overwriting symbol font `letters' in version `normal'
(Font)                  OML/cmm/m/it --> FML/futmi/m/it on input line 72.
LaTeX Font Info:    Encoding `OML' has changed to `FML' for symbol font
(Font)              `letters' in the math version `bold' on input line 72.
LaTeX Font Info:    Overwriting symbol font `letters' in version `bold'
(Font)                  OML/cmm/b/it --> FML/futmi/m/it on input line 72.
\symotherletters=\mathgroup4
LaTeX Font Info:    Overwriting symbol font `letters' in version `bold'
(Font)                  FML/futmi/m/it --> FML/futmi/b/it on input line 74.
LaTeX Font Info:    Overwriting symbol font `otherletters' in version `bold'
(Font)                  FML/futm/m/it --> FML/futm/b/it on input line 75.
LaTeX Font Info:    Redeclaring math symbol \Gamma on input line 76.
LaTeX Font Info:    Redeclaring math symbol \Delta on input line 77.
LaTeX Font Info:    Redeclaring math symbol \Theta on input line 78.
LaTeX Font Info:    Redeclaring math symbol \Lambda on input line 79.
LaTeX Font Info:    Redeclaring math symbol \Xi on input line 80.
LaTeX Font Info:    Redeclaring math symbol \Pi on input line 81.
LaTeX Font Info:    Redeclaring math symbol \Sigma on input line 82.
LaTeX Font Info:    Redeclaring math symbol \Upsilon on input line 83.
LaTeX Font Info:    Redeclaring math symbol \Phi on input line 84.
LaTeX Font Info:    Redeclaring math symbol \Psi on input line 85.
LaTeX Font Info:    Redeclaring math symbol \Omega on input line 86.
LaTeX Font Info:    Redeclaring symbol font `symbols' on input line 126.
LaTeX Font Info:    Encoding `OMS' has changed to `FMS' for symbol font
(Font)              `symbols' in the math version `normal' on input line 126.
LaTeX Font Info:    Overwriting symbol font `symbols' in version `normal'
(Font)                  OMS/cmsy/m/n --> FMS/futm/m/n on input line 126.
LaTeX Font Info:    Encoding `OMS' has changed to `FMS' for symbol font
(Font)              `symbols' in the math version `bold' on input line 126.
LaTeX Font Info:    Overwriting symbol font `symbols' in version `bold'
(Font)                  OMS/cmsy/b/n --> FMS/futm/m/n on input line 126.
LaTeX Font Info:    Redeclaring symbol font `largesymbols' on input line 127.
LaTeX Font Info:    Encoding `OMX' has changed to `FMX' for symbol font
(Font)              `largesymbols' in the math version `normal' on input line 1
27.
LaTeX Font Info:    Overwriting symbol font `largesymbols' in version `normal'
(Font)                  OMX/cmex/m/n --> FMX/futm/m/n on input line 127.
LaTeX Font Info:    Encoding `OMX' has changed to `FMX' for symbol font
(Font)              `largesymbols' in the math version `bold' on input line 127
.
LaTeX Font Info:    Overwriting symbol font `largesymbols' in version `bold'
(Font)                  OMX/cmex/m/n --> FMX/futm/m/n on input line 127.
LaTeX Font Info:    Redeclaring math alphabet \mathbf on input line 128.
LaTeX Font Info:    Overwriting math alphabet `\mathbf' in version `normal'
(Font)                  OT1/cmr/bx/n --> T1/futs/bx/n on input line 128.
LaTeX Font Info:    Overwriting math alphabet `\mathbf' in version `bold'
(Font)                  OT1/cmr/bx/n --> T1/futs/bx/n on input line 128.
LaTeX Font Info:    Redeclaring math alphabet \mathrm on input line 129.
LaTeX Font Info:    Redeclaring math alphabet \mathit on input line 130.
LaTeX Font Info:    Overwriting math alphabet `\mathit' in version `normal'
(Font)                  OT1/cmr/m/it --> T1/futs/m/it on input line 130.
LaTeX Font Info:    Overwriting math alphabet `\mathit' in version `bold'
(Font)                  OT1/cmr/bx/it --> T1/futs/m/it on input line 130.
LaTeX Font Info:    Redeclaring math alphabet \mathcal on input line 131.
LaTeX Font Info:    Redeclaring math symbol \parallel on input line 147.
LaTeX Font Info:    Redeclaring math symbol \hbar on input line 161.
LaTeX Font Info:    Redeclaring math symbol \varkappa on input line 199.
LaTeX Font Info:    Redeclaring math symbol \varvarrho on input line 200.
LaTeX Font Info:    Redeclaring math delimiter \Vert on input line 223.
LaTeX Font Info:    Redeclaring math delimiter \vert on input line 228.
LaTeX Font Info:    Redeclaring math delimiter \Downarrow on input line 238.
LaTeX Font Info:    Redeclaring math delimiter \backslash on input line 240.
LaTeX Font Info:    Redeclaring math delimiter \rangle on input line 242.
LaTeX Font Info:    Redeclaring math delimiter \langle on input line 244.
LaTeX Font Info:    Redeclaring math delimiter \rbrace on input line 246.
LaTeX Font Info:    Redeclaring math delimiter \lbrace on input line 248.
LaTeX Font Info:    Redeclaring math delimiter \rceil on input line 250.
LaTeX Font Info:    Redeclaring math delimiter \lceil on input line 252.
LaTeX Font Info:    Redeclaring math delimiter \rfloor on input line 254.
LaTeX Font Info:    Redeclaring math delimiter \lfloor on input line 256.
LaTeX Font Info:    Redeclaring math accent \acute on input line 260.
LaTeX Font Info:    Redeclaring math accent \grave on input line 261.
LaTeX Font Info:    Redeclaring math accent \ddot on input line 262.
LaTeX Font Info:    Redeclaring math accent \tilde on input line 263.
LaTeX Font Info:    Redeclaring math accent \bar on input line 264.
LaTeX Font Info:    Redeclaring math accent \breve on input line 265.
LaTeX Font Info:    Redeclaring math accent \check on input line 266.
LaTeX Font Info:    Redeclaring math accent \hat on input line 267.
LaTeX Font Info:    Redeclaring math accent \dot on input line 268.
LaTeX Font Info:    Redeclaring math accent \mathring on input line 269.
\symUfutm=\mathgroup5
)
(/usr/local/texlive/2021/texmf-dist/tex/latex/amsmath/amsmath.sty
Package: amsmath 2020/09/23 v2.17i AMS math features
\@mathmargin=\skip49

For additional information on amsmath, use the `?' option.
(/usr/local/texlive/2021/texmf-dist/tex/latex/amsmath/amstext.sty
Package: amstext 2000/06/29 v2.01 AMS text

(/usr/local/texlive/2021/texmf-dist/tex/latex/amsmath/amsgen.sty
File: amsgen.sty 1999/11/30 v2.0 generic functions
\@emptytoks=\toks15
\ex@=\dimen140
))
(/usr/local/texlive/2021/texmf-dist/tex/latex/amsmath/amsbsy.sty
Package: amsbsy 1999/11/29 v1.2d Bold Symbols
\pmbraise@=\dimen141
)
(/usr/local/texlive/2021/texmf-dist/tex/latex/amsmath/amsopn.sty
Package: amsopn 2016/03/08 v2.02 operator names
)
\inf@bad=\count189
LaTeX Info: Redefining \frac on input line 234.
\uproot@=\count190
\leftroot@=\count191
LaTeX Info: Redefining \overline on input line 399.
\classnum@=\count192
\DOTSCASE@=\count193
LaTeX Info: Redefining \ldots on input line 496.
LaTeX Info: Redefining \dots on input line 499.
LaTeX Info: Redefining \cdots on input line 620.
\Mathstrutbox@=\box47
\strutbox@=\box48
\big@size=\dimen142
LaTeX Font Info:    Redeclaring font encoding OML on input line 743.
LaTeX Font Info:    Redeclaring font encoding OMS on input line 744.
\macc@depth=\count194
\c@MaxMatrixCols=\count195
\dotsspace@=\muskip16
\c@parentequation=\count196
\dspbrk@lvl=\count197
\tag@help=\toks16
\row@=\count198
\column@=\count199
\maxfields@=\count266
\andhelp@=\toks17
\eqnshift@=\dimen143
\alignsep@=\dimen144
\tagshift@=\dimen145
\tagwidth@=\dimen146
\totwidth@=\dimen147
\lineht@=\dimen148
\@envbody=\toks18
\multlinegap=\skip50
\multlinetaggap=\skip51
\mathdisplay@stack=\toks19
LaTeX Info: Redefining \[ on input line 2923.
LaTeX Info: Redefining \] on input line 2924.
)
(/usr/local/texlive/2021/texmf-dist/tex/latex/amsfonts/amsfonts.sty
Package: amsfonts 2013/01/14 v3.01 Basic AMSFonts support
\symAMSa=\mathgroup6
\symAMSb=\mathgroup7
LaTeX Font Info:    Overwriting math alphabet `\mathfrak' in version `bold'
(Font)                  U/euf/m/n --> U/euf/b/n on input line 106.
LaTeX Font Info:    Redeclaring math symbol \square on input line 141.
)
(/usr/local/texlive/2021/texmf-dist/tex/latex/booktabs/booktabs.sty
Package: booktabs 2020/01/12 v1.61803398 Publication quality tables
\heavyrulewidth=\dimen149
\lightrulewidth=\dimen150
\cmidrulewidth=\dimen151
\belowrulesep=\dimen152
\belowbottomsep=\dimen153
\aboverulesep=\dimen154
\abovetopsep=\dimen155
\cmidrulesep=\dimen156
\cmidrulekern=\dimen157
\defaultaddspace=\dimen158
\@cmidla=\count267
\@cmidlb=\count268
\@aboverulesep=\dimen159
\@belowrulesep=\dimen160
\@thisruleclass=\count269
\@lastruleclass=\count270
\@thisrulewidth=\dimen161
)
(/usr/local/texlive/2021/texmf-dist/tex/latex/preprint/fullpage.sty
Package: fullpage 1999/02/23 1.1 (PWD)
\FP@margin=\skip52
)
(/usr/local/texlive/2021/texmf-dist/tex/latex/graphics/graphicx.sty
Package: graphicx 2020/09/09 v1.2b Enhanced LaTeX Graphics (DPC,SPQR)

(/usr/local/texlive/2021/texmf-dist/tex/latex/graphics/keyval.sty
Package: keyval 2014/10/28 v1.15 key=value parser (DPC)
\KV@toks@=\toks20
)
(/usr/local/texlive/2021/texmf-dist/tex/latex/graphics/graphics.sty
Package: graphics 2020/08/30 v1.4c Standard LaTeX Graphics (DPC,SPQR)

(/usr/local/texlive/2021/texmf-dist/tex/latex/graphics/trig.sty
Package: trig 2016/01/03 v1.10 sin cos tan (DPC)
)
(/usr/local/texlive/2021/texmf-dist/tex/latex/graphics-cfg/graphics.cfg
File: graphics.cfg 2016/06/04 v1.11 sample graphics configuration
)
Package graphics Info: Driver file: pdftex.def on input line 105.

(/usr/local/texlive/2021/texmf-dist/tex/latex/graphics-def/pdftex.def
File: pdftex.def 2020/10/05 v1.2a Graphics/color driver for pdftex
))
\Gin@req@height=\dimen162
\Gin@req@width=\dimen163
)
(/usr/local/texlive/2021/texmf-dist/tex/latex/float/float.sty
Package: float 2001/11/08 v1.3d Float enhancements (AL)
\c@float@type=\count271
\float@exts=\toks21
\float@box=\box49
\@float@everytoks=\toks22
\@floatcapt=\box50
)
(/usr/local/texlive/2021/texmf-dist/tex/latex/tools/tabularx.sty
Package: tabularx 2020/01/15 v2.11c `tabularx' package (DPC)

(/usr/local/texlive/2021/texmf-dist/tex/latex/tools/array.sty
Package: array 2020/10/01 v2.5c Tabular extension package (FMi)
\col@sep=\dimen164
\ar@mcellbox=\box51
\extrarowheight=\dimen165
\NC@list=\toks23
\extratabsurround=\skip53
\backup@length=\skip54
\ar@cellbox=\box52
)
\TX@col@width=\dimen166
\TX@old@table=\dimen167
\TX@old@col=\dimen168
\TX@target=\dimen169
\TX@delta=\dimen170
\TX@cols=\count272
\TX@ftn=\toks24
)
(/usr/local/texlive/2021/texmf-dist/tex/latex/tools/verbatim.sty
Package: verbatim 2020-07-07 v1.5u LaTeX2e package for verbatim enhancements
\every@verbatim=\toks25
\verbatim@line=\toks26
\verbatim@in@stream=\read3
)
(/usr/local/texlive/2021/texmf-dist/tex/latex/mathtools/mathtools.sty
Package: mathtools 2021/03/18 v1.25 mathematical typesetting tools

(/usr/local/texlive/2021/texmf-dist/tex/latex/tools/calc.sty
Package: calc 2017/05/25 v4.3 Infix arithmetic (KKT,FJ)
\calc@Acount=\count273
\calc@Bcount=\count274
\calc@Adimen=\dimen171
\calc@Bdimen=\dimen172
\calc@Askip=\skip55
\calc@Bskip=\skip56
LaTeX Info: Redefining \setlength on input line 80.
LaTeX Info: Redefining \addtolength on input line 81.
\calc@Ccount=\count275
\calc@Cskip=\skip57
)
(/usr/local/texlive/2021/texmf-dist/tex/latex/mathtools/mhsetup.sty
Package: mhsetup 2021/03/18 v1.4 programming setup (MH)
)
LaTeX Info: Thecontrolsequence`\('isalreadyrobust on input line 130.
LaTeX Info: Thecontrolsequence`\)'isalreadyrobust on input line 130.
LaTeX Info: Thecontrolsequence`\['isalreadyrobust on input line 130.
LaTeX Info: Thecontrolsequence`\]'isalreadyrobust on input line 130.
\g_MT_multlinerow_int=\count276
\l_MT_multwidth_dim=\dimen173
\origjot=\skip58
\l_MT_shortvdotswithinadjustabove_dim=\dimen174
\l_MT_shortvdotswithinadjustbelow_dim=\dimen175
\l_MT_above_intertext_sep=\dimen176
\l_MT_below_intertext_sep=\dimen177
\l_MT_above_shortintertext_sep=\dimen178
\l_MT_below_shortintertext_sep=\dimen179
\xmathstrut@box=\box53
\xmathstrut@dim=\dimen180
)
(/usr/local/texlive/2021/texmf-dist/tex/latex/ncctools/nccmath.sty
Package: nccmath 2006/01/20 v1.3 Additional Math Commands (NCC)
\NCC@fracrulewidth=\dimen181
)
(/usr/local/texlive/2021/texmf-dist/tex/latex/epstopdf-pkg/epstopdf.sty
Package: epstopdf 2020-01-24 v2.11 Conversion with epstopdf on the fly (HO)

(/usr/local/texlive/2021/texmf-dist/tex/generic/infwarerr/infwarerr.sty
Package: infwarerr 2019/12/03 v1.5 Providing info/warning/error messages (HO)
)
(/usr/local/texlive/2021/texmf-dist/tex/latex/grfext/grfext.sty
Package: grfext 2019/12/03 v1.3 Manage graphics extensions (HO)

(/usr/local/texlive/2021/texmf-dist/tex/generic/kvdefinekeys/kvdefinekeys.sty
Package: kvdefinekeys 2019-12-19 v1.6 Define keys (HO)
)) (/usr/local/texlive/2021/texmf-dist/tex/latex/kvoptions/kvoptions.sty
Package: kvoptions 2020-10-07 v3.14 Key value format for package options (HO)

(/usr/local/texlive/2021/texmf-dist/tex/generic/ltxcmds/ltxcmds.sty
Package: ltxcmds 2020-05-10 v1.25 LaTeX kernel commands for general use (HO)
)
(/usr/local/texlive/2021/texmf-dist/tex/generic/kvsetkeys/kvsetkeys.sty
Package: kvsetkeys 2019/12/15 v1.18 Key value parser (HO)
))
(/usr/local/texlive/2021/texmf-dist/tex/generic/pdftexcmds/pdftexcmds.sty
Package: pdftexcmds 2020-06-27 v0.33 Utility functions of pdfTeX for LuaTeX (HO
)
Package pdftexcmds Info: \pdf@primitive is available.
Package pdftexcmds Info: \pdf@ifprimitive is available.
Package pdftexcmds Info: \pdfdraftmode found.
)
(/usr/local/texlive/2021/texmf-dist/tex/latex/epstopdf-pkg/epstopdf-base.sty
Package: epstopdf-base 2020-01-24 v2.11 Base part for package epstopdf
Package epstopdf-base Info: Redefining graphics rule for `.eps' on input line 4
85.
Package grfext Info: Graphics extension search list:
(grfext)             [.pdf,.png,.jpg,.mps,.jpeg,.jbig2,.jb2,.PDF,.PNG,.JPG,.JPE
G,.JBIG2,.JB2,.eps]
(grfext)             \AppendGraphicsExtensions on input line 504.

(/usr/local/texlive/2021/texmf-dist/tex/latex/latexconfig/epstopdf-sys.cfg
File: epstopdf-sys.cfg 2010/07/13 v1.3 Configuration of (r)epstopdf for TeX Liv
e
)))
(/usr/local/texlive/2021/texmf-dist/tex/latex/base/inputenc.sty
Package: inputenc 2020/08/01 v1.3d Input encoding file
\inpenc@prehook=\toks27
\inpenc@posthook=\toks28
)
(/usr/local/texlive/2021/texmf-dist/tex/latex/amscls/amsthm.sty
Package: amsthm 2020/05/29 v2.20.6
\thm@style=\toks29
\thm@bodyfont=\toks30
\thm@headfont=\toks31
\thm@notefont=\toks32
\thm@headpunct=\toks33
\thm@preskip=\skip59
\thm@postskip=\skip60
\thm@headsep=\skip61
\dth@everypar=\toks34
)
(/usr/local/texlive/2021/texmf-dist/tex/latex/multirow/multirow.sty
Package: multirow 2021/03/15 v2.8 Span multiple rows of a table
\multirow@colwidth=\skip62
\multirow@cntb=\count277
\multirow@dima=\skip63
\bigstrutjot=\dimen182
)
(/usr/local/texlive/2021/texmf-dist/tex/latex/caption/subcaption.sty
Package: subcaption 2020/10/07 v1.3j Sub-captions (AR)

(/usr/local/texlive/2021/texmf-dist/tex/latex/caption/caption.sty
Package: caption 2020/10/26 v3.5g Customizing captions (AR)

(/usr/local/texlive/2021/texmf-dist/tex/latex/caption/caption3.sty
Package: caption3 2020/10/21 v2.2e caption3 kernel (AR)
\captionmargin=\dimen183
\captionmargin@=\dimen184
\captionwidth=\dimen185
\caption@tempdima=\dimen186
\caption@indent=\dimen187
\caption@parindent=\dimen188
\caption@hangindent=\dimen189
Package caption Info: Standard document class detected.
)
\c@caption@flags=\count278
\c@continuedfloat=\count279
Package caption Info: float package is loaded.
)
\c@subfigure=\count280
\c@subtable=\count281
)
(/usr/local/texlive/2021/texmf-dist/tex/latex/tools/indentfirst.sty
Package: indentfirst 1995/11/23 v1.03 Indent first paragraph (DPC)
)
(/usr/local/texlive/2021/texmf-dist/tex/latex/tools/xspace.sty
Package: xspace 2014/10/28 v1.13 Space after command names (DPC,MH)
)
(/usr/local/texlive/2021/texmf-dist/tex/latex/listings/listings.sty
\lst@mode=\count282
\lst@gtempboxa=\box54
\lst@token=\toks35
\lst@length=\count283
\lst@currlwidth=\dimen190
\lst@column=\count284
\lst@pos=\count285
\lst@lostspace=\dimen191
\lst@width=\dimen192
\lst@newlines=\count286
\lst@lineno=\count287
\lst@maxwidth=\dimen193

(/usr/local/texlive/2021/texmf-dist/tex/latex/listings/lstmisc.sty
File: lstmisc.sty 2020/03/24 1.8d (Carsten Heinz)
\c@lstnumber=\count288
\lst@skipnumbers=\count289
\lst@framebox=\box55
)
(/usr/local/texlive/2021/texmf-dist/tex/latex/listings/listings.cfg
File: listings.cfg 2020/03/24 1.8d listings configuration
))
Package: listings 2020/03/24 1.8d (Carsten Heinz)

(/usr/local/texlive/2021/texmf-dist/tex/latex/graphics/color.sty
Package: color 2020/02/24 v1.2b Standard LaTeX Color (DPC)

(/usr/local/texlive/2021/texmf-dist/tex/latex/graphics-cfg/color.cfg
File: color.cfg 2016/01/02 v1.6 sample color configuration
)
Package color Info: Driver file: pdftex.def on input line 147.
)
(/usr/local/texlive/2021/texmf-dist/tex/latex/listings/lstlang1.sty
File: lstlang1.sty 2020/03/24 1.8d listings language file
)
(/usr/local/texlive/2021/texmf-dist/tex/latex/l3backend/l3backend-pdftex.def
File: l3backend-pdftex.def 2021-03-18 L3 backend support: PDF output (pdfTeX)
\l__color_backend_stack_int=\count290
\l__pdf_internal_box=\box56
)
(./Transformers-Lee-2021.aux

LaTeX Warning: Label `softmax' multiply defined.

)
\openout1 = `Transformers-Lee-2021.aux'.

LaTeX Font Info:    Checking defaults for OML/cmm/m/it on input line 44.
LaTeX Font Info:    ... okay on input line 44.
LaTeX Font Info:    Checking defaults for OMS/cmsy/m/n on input line 44.
LaTeX Font Info:    ... okay on input line 44.
LaTeX Font Info:    Checking defaults for OT1/cmr/m/n on input line 44.
LaTeX Font Info:    ... okay on input line 44.
LaTeX Font Info:    Checking defaults for T1/cmr/m/n on input line 44.
LaTeX Font Info:    ... okay on input line 44.
LaTeX Font Info:    Checking defaults for TS1/cmr/m/n on input line 44.
LaTeX Font Info:    ... okay on input line 44.
LaTeX Font Info:    Checking defaults for OMX/cmex/m/n on input line 44.
LaTeX Font Info:    ... okay on input line 44.
LaTeX Font Info:    Checking defaults for U/cmr/m/n on input line 44.
LaTeX Font Info:    ... okay on input line 44.
LaTeX Font Info:    Checking defaults for FML/futm/m/it on input line 44.
LaTeX Font Info:    Trying to load font information for FML+futm on input line 
44.
 (/usr/local/texlive/2021/texmf-dist/tex/latex/fourier/fmlfutm.fd
File: fmlfutm.fd 2004/10/30 Fontinst v1.926 font definitions for FML/futm.
)
LaTeX Font Info:    ... okay on input line 44.
LaTeX Font Info:    Checking defaults for FMS/futm/m/n on input line 44.
LaTeX Font Info:    Trying to load font information for FMS+futm on input line 
44.

(/usr/local/texlive/2021/texmf-dist/tex/latex/fourier/fmsfutm.fd
File: fmsfutm.fd 2004/10/30 Fontinst v1.926 font definitions for FMS/futm.
)
LaTeX Font Info:    ... okay on input line 44.
LaTeX Font Info:    Checking defaults for FMX/futm/m/n on input line 44.
LaTeX Font Info:    Trying to load font information for FMX+futm on input line 
44.

(/usr/local/texlive/2021/texmf-dist/tex/latex/fourier/fmxfutm.fd
File: fmxfutm.fd futm-extension
)
LaTeX Font Info:    ... okay on input line 44.
LaTeX Font Info:    Redeclaring math accent \widehat on input line 44.
LaTeX Font Info:    Redeclaring math accent \widetilde on input line 44.

(/usr/local/texlive/2021/texmf-dist/tex/context/base/mkii/supp-pdf.mkii
[Loading MPS to PDF converter (version 2006.09.02).]
\scratchcounter=\count291
\scratchdimen=\dimen194
\scratchbox=\box57
\nofMPsegments=\count292
\nofMParguments=\count293
\everyMPshowfont=\toks36
\MPscratchCnt=\count294
\MPscratchDim=\dimen195
\MPnumerator=\count295
\makeMPintoPDFobject=\count296
\everyMPtoPDFconversion=\toks37
)
Package caption Info: Begin \AtBeginDocument code.
Package caption Info: listings package is loaded.
Package caption Info: End \AtBeginDocument code.
\c@lstlisting=\count297
 (./topmatter.tex
LaTeX Font Info:    Trying to load font information for FML+futmi on input line
 16.

(/usr/local/texlive/2021/texmf-dist/tex/latex/fourier/fmlfutmi.fd
File: fmlfutmi.fd 2004/10/30 Fontinst v1.926 font definitions for FML/futmi.
)
LaTeX Font Info:    Font shape `FMX/futm/m/n' will be
(Font)              scaled to size 11.03998pt on input line 16.
LaTeX Font Info:    Font shape `FMX/futm/m/n' will be
(Font)              scaled to size 8.27998pt on input line 16.
LaTeX Font Info:    Font shape `FMX/futm/m/n' will be
(Font)              scaled to size 6.43999pt on input line 16.
LaTeX Font Info:    Font shape `U/futm/m/n' will be
(Font)              scaled to size 11.03998pt on input line 16.
LaTeX Font Info:    Font shape `U/futm/m/n' will be
(Font)              scaled to size 8.27998pt on input line 16.
LaTeX Font Info:    Font shape `U/futm/m/n' will be
(Font)              scaled to size 6.43999pt on input line 16.
LaTeX Font Info:    Trying to load font information for U+msa on input line 16.


(/usr/local/texlive/2021/texmf-dist/tex/latex/amsfonts/umsa.fd
File: umsa.fd 2013/01/14 v3.01 AMS symbols A
)
LaTeX Font Info:    Trying to load font information for U+msb on input line 16.


(/usr/local/texlive/2021/texmf-dist/tex/latex/amsfonts/umsb.fd
File: umsb.fd 2013/01/14 v3.01 AMS symbols B
)
LaTeX Font Info:    Font shape `FMX/futm/m/n' will be
(Font)              scaled to size 9.19998pt on input line 19.
LaTeX Font Info:    Font shape `FMX/futm/m/n' will be
(Font)              scaled to size 6.99199pt on input line 19.
LaTeX Font Info:    Font shape `FMX/futm/m/n' will be
(Font)              scaled to size 5.51999pt on input line 19.
LaTeX Font Info:    Font shape `U/futm/m/n' will be
(Font)              scaled to size 9.19998pt on input line 19.
LaTeX Font Info:    Font shape `U/futm/m/n' will be
(Font)              scaled to size 6.99199pt on input line 19.
LaTeX Font Info:    Font shape `U/futm/m/n' will be
(Font)              scaled to size 5.51999pt on input line 19.
)
(./abstract.tex) (./body.tex [1

{/usr/local/texlive/2021/texmf-var/fonts/map/pdftex/updmap/pdftex.map}] [2]
<figures/umap_GEX_ct.pdf, id=12, 630.36755pt x 261.61426pt>
File: figures/umap_GEX_ct.pdf Graphic file (type pdf)
<use figures/umap_GEX_ct.pdf>
Package pdftex.def Info: figures/umap_GEX_ct.pdf  used on input line 62.
(pdftex.def)             Requested size: 234.8775pt x 97.47836pt.
<figures/umap_GEX.pdf, id=13, 429.75871pt x 261.61426pt>
File: figures/umap_GEX.pdf Graphic file (type pdf)
<use figures/umap_GEX.pdf>
Package pdftex.def Info: figures/umap_GEX.pdf  used on input line 63.
(pdftex.def)             Requested size: 164.41711pt x 100.08907pt.
<figures/umap_ATAC_ct.pdf, id=14, 630.36755pt x 261.61426pt>
File: figures/umap_ATAC_ct.pdf Graphic file (type pdf)
<use figures/umap_ATAC_ct.pdf>
Package pdftex.def Info: figures/umap_ATAC_ct.pdf  used on input line 75.
(pdftex.def)             Requested size: 234.8775pt x 97.47836pt.
<figures/umap_ATAC.pdf, id=15, 429.75871pt x 261.61426pt>
File: figures/umap_ATAC.pdf Graphic file (type pdf)
<use figures/umap_ATAC.pdf>
Package pdftex.def Info: figures/umap_ATAC.pdf  used on input line 76.
(pdftex.def)             Requested size: 164.41711pt x 100.08907pt.

Overfull \hbox (0.50816pt too wide) in paragraph at lines 80--87
\T1/futs/m/n/9 matin with hy-per-ac-tive mu-tant Tn5 Trans-posase that in-serts
 se-quenc-ing adapters into open re-gions of the genome
 []

[3 <./figures/umap_GEX_ct.pdf> <./figures/umap_GEX.pdf

pdfTeX warning: pdflatex (file ./figures/umap_GEX.pdf): PDF inclusion: multiple
 pdfs with page group included in a single page
> <./figures/umap_ATAC_ct.pdf

pdfTeX warning: pdflatex (file ./figures/umap_ATAC_ct.pdf): PDF inclusion: mult
iple pdfs with page group included in a single page
> <./figures/umap_ATAC.pdf

pdfTeX warning: pdflatex (file ./figures/umap_ATAC.pdf): PDF inclusion: multipl
e pdfs with page group included in a single page
>]
<figures/t1.jpg, id=180, 995.72pt x 1377.145pt>
File: figures/t1.jpg Graphic file (type jpg)
<use figures/t1.jpg>
Package pdftex.def Info: figures/t1.jpg  used on input line 92.
(pdftex.def)             Requested size: 234.8775pt x 324.8479pt.

Underfull \hbox (badness 10000) in paragraph at lines 105--107

 []

[4 <./figures/t1.jpg>]
Underfull \hbox (badness 10000) in paragraph at lines 125--126

 []

<figures/t3.jpg, id=184, 788.9475pt x 1206.5075pt>
File: figures/t3.jpg Graphic file (type jpg)
<use figures/t3.jpg>
Package pdftex.def Info: figures/t3.jpg  used on input line 132.
(pdftex.def)             Requested size: 164.41711pt x 251.4226pt.
[5 <./figures/t3.jpg>]
<figures/t4.jpg, id=189, 465.74pt x 311.1625pt>
File: figures/t4.jpg Graphic file (type jpg)
<use figures/t4.jpg>
Package pdftex.def Info: figures/t4.jpg  used on input line 140.
(pdftex.def)             Requested size: 211.38832pt x 141.22781pt.
<figures/t5.jpg, id=190, 473.77pt x 304.13625pt>
File: figures/t5.jpg Graphic file (type jpg)
<use figures/t5.jpg>
Package pdftex.def Info: figures/t5.jpg  used on input line 141.
(pdftex.def)             Requested size: 211.38832pt x 135.69986pt.
<figures/t6.jpg, id=191, 800.9925pt x 752.8125pt>
File: figures/t6.jpg Graphic file (type jpg)
<use figures/t6.jpg>
Package pdftex.def Info: figures/t6.jpg  used on input line 154.
(pdftex.def)             Requested size: 140.92793pt x 132.44485pt.

Underfull \hbox (badness 10000) in paragraph at lines 158--159

 []

[6 <./figures/t4.jpg> <./figures/t5.jpg> <./figures/t6.jpg>]
<figures/t7.jpg, id=195, 1209.51875pt x 636.3775pt>
File: figures/t7.jpg Graphic file (type jpg)
<use figures/t7.jpg>
Package pdftex.def Info: figures/t7.jpg  used on input line 168.
(pdftex.def)             Requested size: 211.38832pt x 111.21236pt.
<figures/t8.jpg, id=196, 1132.23pt x 417.56pt>
File: figures/t8.jpg Graphic file (type jpg)
<use figures/t8.jpg>
Package pdftex.def Info: figures/t8.jpg  used on input line 182.
(pdftex.def)             Requested size: 164.41711pt x 60.63066pt.

Underfull \hbox (badness 10000) in paragraph at lines 186--187

 []

[7 <./figures/t7.jpg> <./figures/t8.jpg>]
<figures/t9.jpg, id=203, 1152.305pt x 744.7825pt>
File: figures/t9.jpg Graphic file (type jpg)
<use figures/t9.jpg>
Package pdftex.def Info: figures/t9.jpg  used on input line 197.
(pdftex.def)             Requested size: 187.89914pt x 121.44052pt.

Underfull \hbox (badness 10000) in paragraph at lines 201--202

 []

<figures/t10.jpg, id=204, 1142.2675pt x 863.225pt>
File: figures/t10.jpg Graphic file (type jpg)
<use figures/t10.jpg>
Package pdftex.def Info: figures/t10.jpg  used on input line 210.
(pdftex.def)             Requested size: 187.89914pt x 141.9913pt.

Underfull \hbox (badness 10000) in paragraph at lines 224--225

 []

[8 <./figures/t9.jpg> <./figures/t10.jpg>]
<figures/t11.jpg, id=208, 208.78pt x 885.3075pt>
File: figures/t11.jpg Graphic file (type jpg)
<use figures/t11.jpg>
Package pdftex.def Info: figures/t11.jpg  used on input line 235.
(pdftex.def)             Requested size: 65.76541pt x 278.87334pt.

Underfull \hbox (badness 10000) in paragraph at lines 241--242

 []

[9 <./figures/t11.jpg>]
<figures/t12.jpg, id=212, 969.6225pt x 871.255pt>
File: figures/t12.jpg Graphic file (type jpg)
<use figures/t12.jpg>
Package pdftex.def Info: figures/t12.jpg  used on input line 250.
(pdftex.def)             Requested size: 140.92793pt x 126.62785pt.

Underfull \hbox (badness 10000) in paragraph at lines 254--255

 []

<figures/t13.jpg, id=213, 1214.5375pt x 461.725pt>
File: figures/t13.jpg Graphic file (type jpg)
<use figures/t13.jpg>
Package pdftex.def Info: figures/t13.jpg  used on input line 261.
(pdftex.def)             Requested size: 258.36668pt x 98.21918pt.
<figures/t14.jpg, id=214, 1208.515pt x 602.25pt>
File: figures/t14.jpg Graphic file (type jpg)
<use figures/t14.jpg>
Package pdftex.def Info: figures/t14.jpg  used on input line 269.
(pdftex.def)             Requested size: 140.92793pt x 70.22679pt.
[10 <./figures/t12.jpg> <./figures/t13.jpg> <./figures/t14.jpg>]
Underfull \hbox (badness 10000) in paragraph at lines 277--278

 []


Underfull \hbox (badness 10000) in paragraph at lines 282--283

 []

<figures/t15.jpg, id=218, 979.66pt x 937.5025pt>
File: figures/t15.jpg Graphic file (type jpg)
<use figures/t15.jpg>
Package pdftex.def Info: figures/t15.jpg  used on input line 291.
(pdftex.def)             Requested size: 258.36668pt x 247.23535pt.
[11 <./figures/t15.jpg>]
Underfull \hbox (badness 10000) in paragraph at lines 308--309
[]\T1/futs/m/n/9 Zhang, J., Chio-dini, R., Badr, A., & Zhang, G. (2011). "The i
m-pact of next-generation se-
 []


Underfull \hbox (badness 4217) in paragraph at lines 308--309
\T1/futs/m/n/9 quenc-ing on ge-nomics". Jour-nal of ge-net-ics and ge-nomics = 
Yi chuan xue bao, 38(3), 95^^U109.
 []


Underfull \hbox (badness 1668) in paragraph at lines 312--313
[]\T1/futs/m/n/9 Nadkarni, P. M., Ohno-Machado, L., & Chap-man, W. W. (2011). "
Nat-u-ral lan-guage pro-cess-ing: an
 []


Underfull \hbox (badness 4726) in paragraph at lines 312--313
\T1/futs/m/n/9 in-tro-duc-tion". Jour-nal of the Amer-i-can Med-i-cal In-for-ma
t-ics As-so-ci-a-tion: JAMIA, 18(5), 544^^U551.
 []


Underfull \hbox (badness 2529) in paragraph at lines 318--319
[]\T1/futs/m/n/9 Buenrostro JD, Wu B, Chang HY, Green-leaf WJ (2015). "ATAC-seq
: A Method for As-say-ing Chro-
 []


Underfull \hbox (badness 4686) in paragraph at lines 318--319
\T1/futs/m/n/9 matin Ac-ces-si-bil-ity Genome-Wide". Cur-rent Pro-to-cols in Mo
lec-u-lar Bi-ol-ogy. 109: 21.29.1^^U21.29.9.
 []


Underfull \hbox (badness 10000) in paragraph at lines 320--321
[]\T1/futs/m/n/9 Reznikoff WS (2008). "Trans-po-son Tn5". An-nual Re-view of Ge
-net-ics. 42 (1): 269^^U86.
 []

) [12] (./Transformers-Lee-2021.aux)

LaTeX Warning: There were multiply-defined labels.

 ) 
Here is how much of TeX's memory you used:
 7824 strings out of 478994
 120010 string characters out of 5858184
 622985 words of memory out of 5000000
 25091 multiletter control sequences out of 15000+600000
 492026 words of font info for 124 fonts, out of 8000000 for 9000
 1141 hyphenation exceptions out of 8191
 69i,7n,77p,1282b,381s stack positions out of 5000i,500n,10000p,200000b,80000s
{/usr/local/texlive/2021/texmf-dist/fonts/enc/dvips/base/8r.enc}</usr/local/t
exlive/2021/texmf-dist/fonts/type1/public/fourier/fourier-mex.pfb></usr/local/t
exlive/2021/texmf-dist/fonts/type1/public/fourier/fourier-mlit.pfb></usr/local/
texlive/2021/texmf-dist/fonts/type1/public/fourier/fourier-ms.pfb></usr/local/t
exlive/2021/texmf-dist/fonts/type1/adobe/utopia/putb8a.pfb></usr/local/texlive/
2021/texmf-dist/fonts/type1/adobe/utopia/putr8a.pfb></usr/local/texlive/2021/te
xmf-dist/fonts/type1/adobe/utopia/putri8a.pfb>
Output written on Transformers-Lee-2021.pdf (12 pages, 3018249 bytes).
PDF statistics:
 247 PDF objects out of 1000 (max. 8388607)
 68 compressed objects within 1 object stream
 0 named destinations out of 1000 (max. 500000)
 91 words of extra memory for PDF output out of 10000 (max. 10000000)

